EMAIL_NAME = 
EMAIL_ENQUIRY = 
EMAIL_TOUR = 
EMAIL_DATE = 
EMAIL_PARTICIPANTS = 
EMAIL_NAME = 
EMAIL_ENQUIRY = 
EMAIL_TOUR = 
EMAIL_DATE = 
EMAIL_PARTICIPANTS = 
EMAIL_NAME = 
EMAIL_ENQUIRY = 
EMAIL_TOUR = 
EMAIL_DATE = 
EMAIL_PARTICIPANTS = 
EMAIL_NAME =  Nancy Zimmerman
EMAIL_ENQUIRY = 
EMAIL_TOUR = 
EMAIL_DATE = 
EMAIL_PARTICIPANTS = 
2015-08-17:13:16:14:EMAIL_NAME =  Nancy Zimmerman
2015-08-17:13:16:14:EMAIL_ENQUIRY =  Could you please advise us as to cost and availability.
2015-08-17:13:16:14:EMAIL_TOUR =  Rijksmuseum and Van Gogh Museum Combined Tour
2015-08-17:13:16:14:EMAIL_DATE = 
2015-08-17:13:16:14:EMAIL_PARTICIPANTS =  2
2015-08-17:13:17:51:EMAIL_NAME =  Nancy Zimmerman
2015-08-17:13:17:51:EMAIL_ENQUIRY =  Could you please advise us as to cost and availability.
2015-08-17:13:17:51:EMAIL_TOUR =  Rijksmuseum and Van Gogh Museum Combined Tour
2015-08-17:13:17:51:EMAIL_DATE =  September 1, 2015 ( or afternoon of Aug. 31)
2015-08-17:13:17:51:EMAIL_PARTICIPANTS =  2
2015-08-17:13:50:02:EMAIL_NAME =  Nancy Zimmerman
2015-08-17:13:50:02:EMAIL_EMAIL = 
2015-08-17:13:50:02:EMAIL_ENQUIRY =  Could you please advise us as to cost and availability.
2015-08-17:13:50:02:EMAIL_TOUR =  Rijksmuseum and Van Gogh Museum Combined Tour
2015-08-17:13:50:02:EMAIL_DATE =  September 1, 2015 ( or afternoon of Aug. 31)
2015-08-17:13:50:02:EMAIL_PARTICIPANTS =  2
2015-08-17:13:50:02:insert failed
2015-08-17:13:51:44:EMAIL_NAME =  Nancy Zimmerman
2015-08-17:13:51:44:EMAIL_EMAIL = 
2015-08-17:13:51:44:EMAIL_ENQUIRY =  Could you please advise us as to cost and availability.
2015-08-17:13:51:44:EMAIL_TOUR =  Rijksmuseum and Van Gogh Museum Combined Tour
2015-08-17:13:51:44:EMAIL_DATE =  September 1, 2015 ( or afternoon of Aug. 31)
2015-08-17:13:51:44:EMAIL_PARTICIPANTS =  2
2015-08-17:13:51:44:insert failed
2015-08-17:13:53:05:EMAIL_NAME = 
2015-08-17:13:53:05:EMAIL_EMAIL =  npzim73@gmail.com <mailto
2015-08-17:13:53:05:EMAIL_ENQUIRY =  Could you please advise us as to cost and availability.
2015-08-17:13:53:05:EMAIL_TOUR =  Rijksmuseum and Van Gogh Museum Combined Tour
2015-08-17:13:53:05:EMAIL_DATE =  September 1, 2015 ( or afternoon of Aug. 31)
2015-08-17:13:53:05:EMAIL_PARTICIPANTS =  2
2015-08-17:13:53:05:insert failed
2015-08-17:13:53:52:EMAIL_NAME = 
2015-08-17:13:53:52:EMAIL_EMAIL =  npzim73@gmail.com <mailto
2015-08-17:13:53:52:EMAIL_ENQUIRY =  Could you please advise us as to cost and availability.
2015-08-17:13:53:52:EMAIL_TOUR =  Rijksmuseum and Van Gogh Museum Combined Tour
2015-08-17:13:53:52:EMAIL_DATE =  September 1, 2015 ( or afternoon of Aug. 31)
2015-08-17:13:53:52:EMAIL_PARTICIPANTS =  2
2015-08-17:13:53:52:insert failed
2015-08-17:13:54:18:EMAIL_NAME =  Nancy Zimmerman
2015-08-17:13:54:18:EMAIL_EMAIL =  npzim73@gmail.com 
2015-08-17:13:54:18:EMAIL_ENQUIRY =  Could you please advise us as to cost and availability.
2015-08-17:13:54:18:EMAIL_TOUR =  Rijksmuseum and Van Gogh Museum Combined Tour
2015-08-17:13:54:18:EMAIL_DATE =  September 1, 2015 ( or afternoon of Aug. 31)
2015-08-17:13:54:18:EMAIL_PARTICIPANTS =  2
2015-08-17:13:54:18:insert failed
2015-08-17:13:55:57:EMAIL_NAME =  Nancy Zimmerman
2015-08-17:13:55:57:EMAIL_EMAIL =  npzim73@gmail.com 
2015-08-17:13:55:57:EMAIL_ENQUIRY =  Could you please advise us as to cost and availability.
2015-08-17:13:55:57:EMAIL_TOUR =  Rijksmuseum and Van Gogh Museum Combined Tour
2015-08-17:13:55:57:EMAIL_DATE =  September 1, 2015 ( or afternoon of Aug. 31)
2015-08-17:13:55:57:EMAIL_PARTICIPANTS =  2
2015-08-17:13:56:09:EMAIL_NAME =  Nancy Zimmerman
2015-08-17:13:56:09:EMAIL_EMAIL =  npzim73@gmail.com 
2015-08-17:13:56:09:EMAIL_ENQUIRY =  Could you please advise us as to cost and availability.
2015-08-17:13:56:09:EMAIL_TOUR =  Rijksmuseum and Van Gogh Museum Combined Tour
2015-08-17:13:56:09:EMAIL_DATE =  September 1, 2015 ( or afternoon of Aug. 31)
2015-08-17:13:56:09:EMAIL_PARTICIPANTS =  2
2015-08-17:13:59:49:EMAIL_NAME =  Nancy Zimmerman
2015-08-17:13:59:49:EMAIL_EMAIL =  npzim73@gmail.com 
2015-08-17:13:59:49:EMAIL_ENQUIRY =  Could you please advise us as to cost and availability.
2015-08-17:13:59:49:EMAIL_TOUR =  Rijksmuseum and Van Gogh Museum Combined Tour
2015-08-17:13:59:49:EMAIL_DATE =  September 1, 2015 ( or afternoon of Aug. 31)
2015-08-17:13:59:49:EMAIL_PARTICIPANTS =  2
2015-08-17:13:59:57:EMAIL_NAME =  Nancy Zimmerman
2015-08-17:13:59:57:EMAIL_EMAIL =  npzim73@gmail.com 
2015-08-17:13:59:57:EMAIL_ENQUIRY =  Could you please advise us as to cost and availability.
2015-08-17:13:59:57:EMAIL_TOUR =  Rijksmuseum and Van Gogh Museum Combined Tour
2015-08-17:13:59:57:EMAIL_DATE =  September 1, 2015 ( or afternoon of Aug. 31)
2015-08-17:13:59:57:EMAIL_PARTICIPANTS =  2
2015-08-17:14:00:22:EMAIL_NAME =  Nancy Zimmerman
2015-08-17:14:00:22:EMAIL_EMAIL =  npzim73@gmail.com 
2015-08-17:14:00:22:EMAIL_ENQUIRY =  Could you please advise us as to cost and availability.
2015-08-17:14:00:22:EMAIL_TOUR =  Rijksmuseum and Van Gogh Museum Combined Tour
2015-08-17:14:00:22:EMAIL_DATE =  September 1, 2015 ( or afternoon of Aug. 31)
2015-08-17:14:00:22:EMAIL_PARTICIPANTS =  2
2015-08-17:14:00:28:EMAIL_NAME =  Nancy Zimmerman
2015-08-17:14:00:28:EMAIL_EMAIL =  npzim73@gmail.com 
2015-08-17:14:00:28:EMAIL_ENQUIRY =  Could you please advise us as to cost and availability.
2015-08-17:14:00:28:EMAIL_TOUR =  Rijksmuseum and Van Gogh Museum Combined Tour
2015-08-17:14:00:28:EMAIL_DATE =  September 1, 2015 ( or afternoon of Aug. 31)
2015-08-17:14:00:28:EMAIL_PARTICIPANTS =  2
2015-08-17:14:00:49:EMAIL_NAME =  Nancy Zimmerman
2015-08-17:14:00:49:EMAIL_EMAIL =  npzim73@gmail.com 
2015-08-17:14:00:49:EMAIL_ENQUIRY =  Could you please advise us as to cost and availability.
2015-08-17:14:00:49:EMAIL_TOUR =  Rijksmuseum and Van Gogh Museum Combined Tour
2015-08-17:14:00:49:EMAIL_DATE =  September 1, 2015 ( or afternoon of Aug. 31)
2015-08-17:14:00:49:EMAIL_PARTICIPANTS =  2
2015-08-17:14:02:06:EMAIL_NAME =  Nancy Zimmerman
2015-08-17:14:02:06:EMAIL_EMAIL =  npzim73@gmail.com 
2015-08-17:14:02:06:EMAIL_ENQUIRY =  Could you please advise us as to cost and availability.
2015-08-17:14:02:06:EMAIL_TOUR =  Rijksmuseum and Van Gogh Museum Combined Tour
2015-08-17:14:02:06:EMAIL_DATE =  September 1, 2015 ( or afternoon of Aug. 31)
2015-08-17:14:02:06:EMAIL_PARTICIPANTS =  2
2015-08-17:14:02:29:EMAIL_NAME =  Nancy Zimmerman
2015-08-17:14:02:29:EMAIL_EMAIL =  npzim73@gmail.com 
2015-08-17:14:02:29:EMAIL_ENQUIRY =  Could you please advise us as to cost and availability.
2015-08-17:14:02:29:EMAIL_TOUR =  Rijksmuseum and Van Gogh Museum Combined Tour
2015-08-17:14:02:29:EMAIL_DATE =  September 1, 2015 ( or afternoon of Aug. 31)
2015-08-17:14:02:29:EMAIL_PARTICIPANTS =  2
2015-08-17:14:02:29:insert into tm_enquiry values(1, " Nancy Zimmerman", " npzim73@gmail.com ", " Could you please advise us as to cost and availability.", " Rijksmuseum and Van Gogh Museum Combined Tour", " September 1, 2015 ( or afternoon of Aug. 31)", " 2", "NEW");
2015-08-17:14:03:17:EMAIL_NAME =  Nancy Zimmerman
2015-08-17:14:03:17:EMAIL_EMAIL =  npzim73@gmail.com 
2015-08-17:14:03:17:EMAIL_ENQUIRY =  Could you please advise us as to cost and availability.
2015-08-17:14:03:17:EMAIL_TOUR =  Rijksmuseum and Van Gogh Museum Combined Tour
2015-08-17:14:03:17:EMAIL_DATE =  September 1, 2015 ( or afternoon of Aug. 31)
2015-08-17:14:03:17:EMAIL_PARTICIPANTS =  2
2015-08-17:14:03:17:insert into tm_enquiry values(1, " Nancy Zimmerman", " npzim73@gmail.com ", " Could you please advise us as to cost and availability.", " Rijksmuseum and Van Gogh Museum Combined Tour", " September 1, 2015 ( or afternoon of Aug. 31)", " 2", "NEW");
2015-08-17:14:04:17:EMAIL_NAME =  Nancy Zimmerman
2015-08-17:14:04:17:EMAIL_EMAIL =  npzim73@gmail.com 
2015-08-17:14:04:17:EMAIL_ENQUIRY =  Could you please advise us as to cost and availability.
2015-08-17:14:04:17:EMAIL_TOUR =  Rijksmuseum and Van Gogh Museum Combined Tour
2015-08-17:14:04:17:EMAIL_DATE =  September 1, 2015 ( or afternoon of Aug. 31)
2015-08-17:14:04:17:EMAIL_PARTICIPANTS =  2
2015-08-17:14:04:17:insert into tm_enquiry values(1, " Nancy Zimmerman", " npzim73@gmail.com ", " Could you please advise us as to cost and availability.", " Rijksmuseum and Van Gogh Museum Combined Tour", " September 1, 2015 ( or afternoon of Aug. 31)", " 2", "NEW");
2015-08-17:14:04:43:EMAIL_NAME =  Nancy Zimmerman
2015-08-17:14:04:43:EMAIL_EMAIL =  npzim73@gmail.com 
2015-08-17:14:04:43:EMAIL_ENQUIRY =  Could you please advise us as to cost and availability.
2015-08-17:14:04:43:EMAIL_TOUR =  Rijksmuseum and Van Gogh Museum Combined Tour
2015-08-17:14:04:43:EMAIL_DATE =  September 1, 2015 ( or afternoon of Aug. 31)
2015-08-17:14:04:43:EMAIL_PARTICIPANTS =  2
2015-08-17:14:04:43:insert into tm_enquiry values(1, " Nancy Zimmerman", " npzim73@gmail.com ", " Could you please advise us as to cost and availability.", " Rijksmuseum and Van Gogh Museum Combined Tour", " September 1, 2015 ( or afternoon of Aug. 31)", " 2", "NEW");
2015-08-17:14:05:33:EMAIL_NAME = Nancy Zimmerman
2015-08-17:14:05:33:EMAIL_EMAIL =  npzim73@gmail.com 
2015-08-17:14:05:33:EMAIL_ENQUIRY =  Could you please advise us as to cost and availability.
2015-08-17:14:05:33:EMAIL_TOUR =  Rijksmuseum and Van Gogh Museum Combined Tour
2015-08-17:14:05:33:EMAIL_DATE =  September 1, 2015 ( or afternoon of Aug. 31)
2015-08-17:14:05:33:EMAIL_PARTICIPANTS =  2
2015-08-17:14:05:33:insert into tm_enquiry values(1, "Nancy Zimmerman", " npzim73@gmail.com ", " Could you please advise us as to cost and availability.", " Rijksmuseum and Van Gogh Museum Combined Tour", " September 1, 2015 ( or afternoon of Aug. 31)", " 2", "NEW");
2015-08-17:14:06:48:EMAIL_NAME = Nancy Zimmerman
2015-08-17:14:06:48:EMAIL_EMAIL = npzim73@gmail.com 
2015-08-17:14:06:48:EMAIL_ENQUIRY = Could you please advise us as to cost and availability.
2015-08-17:14:06:48:EMAIL_TOUR = Rijksmuseum and Van Gogh Museum Combined Tour
2015-08-17:14:06:48:EMAIL_DATE = September 1, 2015 ( or afternoon of Aug. 31)
2015-08-17:14:06:48:EMAIL_PARTICIPANTS = 2
2015-08-17:14:06:48:insert into tm_enquiry values(1, "Nancy Zimmerman", "npzim73@gmail.com ", "Could you please advise us as to cost and availability.", "Rijksmuseum and Van Gogh Museum Combined Tour", "September 1, 2015 ( or afternoon of Aug. 31)", "2", "NEW");
2015-08-17:14:07:02:EMAIL_NAME = Nancy Zimmerman
2015-08-17:14:07:02:EMAIL_EMAIL = npzim73@gmail.com 
2015-08-17:14:07:02:EMAIL_ENQUIRY = Could you please advise us as to cost and availability.
2015-08-17:14:07:02:EMAIL_TOUR = Rijksmuseum and Van Gogh Museum Combined Tour
2015-08-17:14:07:02:EMAIL_DATE = September 1, 2015 ( or afternoon of Aug. 31)
2015-08-17:14:07:02:EMAIL_PARTICIPANTS = 2
2015-08-17:14:07:02:insert into tm_enquiry values(1, "Nancy Zimmerman", "npzim73@gmail.com ", "Could you please advise us as to cost and availability.", "Rijksmuseum and Van Gogh Museum Combined Tour", "September 1, 2015 ( or afternoon of Aug. 31)", "2", "NEW");
2015-08-17:14:07:02:insert failed
2015-08-17:14:08:15:EMAIL_NAME = Nancy Zimmerman
2015-08-17:14:08:15:EMAIL_EMAIL = npzim73@gmail.com 
2015-08-17:14:08:15:EMAIL_ENQUIRY = Could you please advise us as to cost and availability.
2015-08-17:14:08:15:EMAIL_TOUR = Rijksmuseum and Van Gogh Museum Combined Tour
2015-08-17:14:08:15:EMAIL_DATE = September 1, 2015 ( or afternoon of Aug. 31)
2015-08-17:14:08:15:EMAIL_PARTICIPANTS = 2
2015-08-17:14:08:15:insert into tm_enquiry values(1, "Nancy Zimmerman", "npzim73@gmail.com ", "Could you please advise us as to cost and availability.", "Rijksmuseum and Van Gogh Museum Combined Tour", "September 1, 2015 ( or afternoon of Aug. 31)", "2", "NEW");
2015-08-17:14:08:15:insert failed
2015-08-17:14:09:09:EMAIL_NAME = Nancy Zimmerman
2015-08-17:14:09:09:EMAIL_EMAIL = npzim73@gmail.com 
2015-08-17:14:09:09:EMAIL_ENQUIRY = Could you please advise us as to cost and availability.
2015-08-17:14:09:09:EMAIL_TOUR = Rijksmuseum and Van Gogh Museum Combined Tour
2015-08-17:14:09:09:EMAIL_DATE = September 1, 2015 ( or afternoon of Aug. 31)
2015-08-17:14:09:09:EMAIL_PARTICIPANTS = 2
2015-08-17:14:09:09:insert into tm_enquiry values(1, "Nancy Zimmerman", "npzim73@gmail.com ", "Could you please advise us as to cost and availability.", "Rijksmuseum and Van Gogh Museum Combined Tour", "September 1, 2015 ( or afternoon of Aug. 31)", "2", "NEW");
2015-08-17:14:41:20:EMAIL_NAME = Nancy Zimmerman
2015-08-17:14:41:20:EMAIL_EMAIL = npzim73@gmail.com 
2015-08-17:14:41:20:EMAIL_ENQUIRY = Could you please advise us as to cost and availability.
2015-08-17:14:41:20:EMAIL_TOUR = Rijksmuseum and Van Gogh Museum Combined Tour
2015-08-17:14:41:20:EMAIL_DATE = September 1, 2015 ( or afternoon of Aug. 31)
2015-08-17:14:41:20:EMAIL_PARTICIPANTS = 2
2015-08-17:14:41:20:insert into tm_enquiry values(1, "Nancy Zimmerman", "npzim73@gmail.com ", "Could you please advise us as to cost and availability.", "Rijksmuseum and Van Gogh Museum Combined Tour", "September 1, 2015 ( or afternoon of Aug. 31)", "2", "NEW");
2015-08-17:14:41:32:EMAIL_NAME = Nancy Zimmerman
2015-08-17:14:41:32:EMAIL_EMAIL = npzim73@gmail.com 
2015-08-17:14:41:32:EMAIL_ENQUIRY = Could you please advise us as to cost and availability.
2015-08-17:14:41:32:EMAIL_TOUR = Rijksmuseum and Van Gogh Museum Combined Tour
2015-08-17:14:41:32:EMAIL_DATE = September 1, 2015 ( or afternoon of Aug. 31)
2015-08-17:14:41:32:EMAIL_PARTICIPANTS = 2
2015-08-17:14:41:32:insert into tm_enquiry values(1, "Nancy Zimmerman", "npzim73@gmail.com ", "Could you please advise us as to cost and availability.", "Rijksmuseum and Van Gogh Museum Combined Tour", "September 1, 2015 ( or afternoon of Aug. 31)", "2", "NEW");
2015-08-17:14:41:32:insert failed
2015-08-17:15:00:01:EMAIL_NAME = 
2015-08-17:15:00:01:EMAIL_EMAIL = 
2015-08-17:15:00:01:EMAIL_ENQUIRY = 
2015-08-17:15:00:01:EMAIL_TOUR = 
2015-08-17:15:00:01:EMAIL_DATE = 
2015-08-17:15:00:01:EMAIL_PARTICIPANTS = 
2015-08-17:15:00:01:insert into tm_enquiry values(1, "", "", "", "", "", "", "NEW", now());
2015-08-17:15:00:01:insert failed
2015-08-17:15:05:01:EMAIL_NAME = 
2015-08-17:15:05:01:EMAIL_EMAIL = 
2015-08-17:15:05:01:EMAIL_ENQUIRY = 
2015-08-17:15:05:01:EMAIL_TOUR = 
2015-08-17:15:05:01:EMAIL_DATE = 
2015-08-17:15:05:01:EMAIL_PARTICIPANTS = 
2015-08-17:15:05:01:insert into tm_enquiry values(1, "", "", "", "", "", "", "NEW", now());
2015-08-17:15:05:01:insert failed
2015-08-17:15:05:05:EMAIL_NAME = Caroline Zayid
2015-08-17:15:05:05:EMAIL_EMAIL = czayid@mccarthy.ca 
2015-08-17:15:05:05:EMAIL_ENQUIRY = We would like to have a guided tour of these two museums for =
2015-08-17:15:05:05:EMAIL_TOUR = Rijksmuseum and Van Gogh Museum Combined Tour
2015-08-17:15:05:05:EMAIL_DATE = August 20
2015-08-17:15:05:05:EMAIL_PARTICIPANTS = 4
2015-08-17:15:05:05:insert into tm_enquiry values(1, "Caroline Zayid", "czayid@mccarthy.ca ", "We would like to have a guided tour of these two museums for =", "Rijksmuseum and Van Gogh Museum Combined Tour", "August 20", "4", "NEW", now());
2015-08-17:15:05:05:insert failed
2015-08-17:15:10:01:EMAIL_NAME = 
2015-08-17:15:10:01:EMAIL_EMAIL = 
2015-08-17:15:10:01:EMAIL_ENQUIRY = 
2015-08-17:15:10:01:EMAIL_TOUR = 
2015-08-17:15:10:01:EMAIL_DATE = 
2015-08-17:15:10:01:EMAIL_PARTICIPANTS = 
2015-08-17:15:10:01:insert into tm_enquiry values(null, "", "", "", "", "", "", "NEW", now());
2015-08-17:15:10:01:insert failed
2015-08-17:15:13:20:EMAIL_NAME = Caroline Zayid
2015-08-17:15:13:20:EMAIL_EMAIL = czayid@mccarthy.ca 
2015-08-17:15:13:20:EMAIL_ENQUIRY = We would like to have a guided tour of these two museums for =
2015-08-17:15:13:20:EMAIL_TOUR = Rijksmuseum and Van Gogh Museum Combined Tour
2015-08-17:15:13:20:EMAIL_DATE = August 20
2015-08-17:15:13:20:EMAIL_PARTICIPANTS = 4
2015-08-17:15:13:20:insert into tm_enquiry values(null, "Caroline Zayid", "czayid@mccarthy.ca ", "We would like to have a guided tour of these two museums for =", "Rijksmuseum and Van Gogh Museum Combined Tour", "August 20", "4", "NEW", now());
2015-08-17:15:13:20:insert failed
2015-08-17:15:16:19:EMAIL_NAME = Caroline Zayid
2015-08-17:15:16:19:EMAIL_EMAIL = czayid@mccarthy.ca 
2015-08-17:15:16:19:EMAIL_ENQUIRY = We would like to have a guided tour of these two museums for =
2015-08-17:15:16:19:EMAIL_TOUR = Rijksmuseum and Van Gogh Museum Combined Tour
2015-08-17:15:16:19:EMAIL_DATE = August 20
2015-08-17:15:16:19:EMAIL_PARTICIPANTS = 4
2015-08-17:15:16:19:insert into tm_enquiry values(null, "Caroline Zayid", "czayid@mccarthy.ca ", "We would like to have a guided tour of these two museums for =", "Rijksmuseum and Van Gogh Museum Combined Tour", "August 20", "4", "NEW", now());
2015-08-17:15:16:19:insert failed
2015-08-17:15:17:07:EMAIL_NAME = Caroline Zayid
2015-08-17:15:17:07:EMAIL_EMAIL = czayid@mccarthy.ca 
2015-08-17:15:17:07:EMAIL_ENQUIRY = We would like to have a guided tour of these two museums for =
2015-08-17:15:17:07:EMAIL_TOUR = Rijksmuseum and Van Gogh Museum Combined Tour
2015-08-17:15:17:07:EMAIL_DATE = August 20
2015-08-17:15:17:07:EMAIL_PARTICIPANTS = 4
2015-08-17:15:17:07:insert into tm_enquiry values(null, "Caroline Zayid", "czayid@mccarthy.ca ", "We would like to have a guided tour of these two museums for =", "Rijksmuseum and Van Gogh Museum Combined Tour", "August 20", "4", "NEW", now());
2015-08-17:15:17:07:insert failed
2015-08-17:15:19:37:EMAIL_NAME = Caroline Zayid
2015-08-17:15:19:37:EMAIL_EMAIL = czayid@mccarthy.ca 
2015-08-17:15:19:37:EMAIL_ENQUIRY = We would like to have a guided tour of these two museums for =
2015-08-17:15:19:37:EMAIL_TOUR = Rijksmuseum and Van Gogh Museum Combined Tour
2015-08-17:15:19:37:EMAIL_DATE = August 20
2015-08-17:15:19:37:EMAIL_PARTICIPANTS = 4
insert into tm_enquiry values(null, "Caroline Zayid", "czayid@mccarthy.ca ", "We would like to have a guided tour of these two museums for =", "Rijksmuseum and Van Gogh Museum Combined Tour", "August 20", "4", "NEW", now());
2015-08-17:15:19:37:success
2015-08-17:15:29:44:EMAIL_NAME = Richard Bown=0D
2015-08-17:15:29:44:EMAIL_EMAIL = test@xyglo.com=0D
2015-08-17:15:29:44:EMAIL_ENQUIRY = Test=0D
2015-08-17:15:29:44:EMAIL_TOUR = Rijksmuseum Private Tour
2015-08-17:15:29:44:EMAIL_DATE = today=0D
2015-08-17:15:29:44:EMAIL_PARTICIPANTS = 2=0D
insert into tm_enquiry values(null, "Richard Bown=0D", "test@xyglo.com=0D", "Test=0D", "Rijksmuseum Private Tour", "today=0D", "2=0D", "NEW", now());
2015-08-17:15:29:44:insert failed
2015-08-17:15:33:01:EMAIL_NAME = Richard Bown=0D
2015-08-17:15:33:01:EMAIL_EMAIL = test@xyglo.com=0D
2015-08-17:15:33:01:EMAIL_ENQUIRY = Test=0D
2015-08-17:15:33:01:EMAIL_TOUR = Rijksmuseum Private Tour
2015-08-17:15:33:01:EMAIL_DATE = today=0D
2015-08-17:15:33:01:EMAIL_PARTICIPANTS = 2=0D
insert into tm_enquiry values(null, "Richard Bown=0D", "test@xyglo.com=0D", "Test=0D", "Rijksmuseum Private Tour", "today=0D", "2=0D", "NEW", now());
mysql -h localhost -D tm_booking -u tm_bookings -prunn1ng29%
2015-08-17:15:33:01:success
2015-08-17:15:55:13:EMAIL_NAME = Richard Bown
2015-08-17:15:55:13:EMAIL_EMAIL = test@xyglo.com
2015-08-17:15:55:13:EMAIL_ENQUIRY = Test
2015-08-17:15:55:13:EMAIL_TOUR = Rijksmuseum Private Tour
2015-08-17:15:55:13:EMAIL_DATE = today
2015-08-17:15:55:13:EMAIL_PARTICIPANTS = 2
insert into tm_enquiry values(null, "Richard Bown", "test@xyglo.com", "Test", "Rijksmuseum Private Tour", "today", "2", "NEW", now());
mysql -h localhost -D tm_booking -u tm_bookings
2015-08-17:15:55:13:success
2015-08-17:17:29:52:EMAIL_NAME = Richard Bown
2015-08-17:17:29:52:EMAIL_EMAIL = rich@xyglo.com
2015-08-17:17:29:52:EMAIL_ENQUIRY = test
2015-08-17:17:29:52:EMAIL_TOUR = Rijksmuseum Private Tour
2015-08-17:17:29:52:EMAIL_DATE = today
2015-08-17:17:29:52:EMAIL_PARTICIPANTS = 2
insert into tm_enquiry values(null, "Richard Bown", "rich@xyglo.com", "test", "Rijksmuseum Private Tour", "today", "2", "NEW", now());
mysql -h  -D  -u 
2015-08-17:17:29:52:insert failed
2015-08-17:17:39:53:EMAIL_NAME = Richard Bown
2015-08-17:17:39:53:EMAIL_EMAIL = rich@xyglo.com
2015-08-17:17:39:53:EMAIL_ENQUIRY = test
2015-08-17:17:39:53:EMAIL_TOUR = Van Gogh Museum Private Tour
2015-08-17:17:39:53:EMAIL_DATE = today
2015-08-17:17:39:53:EMAIL_PARTICIPANTS = 2
insert into tm_enquiry values(null, "Richard Bown", "rich@xyglo.com", "test", "Van Gogh Museum Private Tour", "today", "2", "NEW", now());
mysql -h  -D  -u 
2015-08-17:17:39:53:insert failed
2015-08-17:17:39:53:EMAIL_NAME = Richard Bown
2015-08-17:17:39:53:EMAIL_EMAIL = rich@xyglo.com
2015-08-17:17:39:53:EMAIL_ENQUIRY = test
2015-08-17:17:39:53:EMAIL_TOUR = Rijksmuseum and Van Gogh Museum Combined Tour
2015-08-17:17:39:53:EMAIL_DATE = today
2015-08-17:17:39:53:EMAIL_PARTICIPANTS = 2
insert into tm_enquiry values(null, "Richard Bown", "rich@xyglo.com", "test", "Rijksmuseum and Van Gogh Museum Combined Tour", "today", "2", "NEW", now());
mysql -h  -D  -u 
2015-08-17:17:39:53:insert failed
2015-08-17:17:39:54:EMAIL_NAME = Richard Bown
2015-08-17:17:39:54:EMAIL_EMAIL = info@xyglo.com
2015-08-17:17:39:54:EMAIL_ENQUIRY = test
2015-08-17:17:39:54:EMAIL_TOUR = Stedelijk Museum
2015-08-17:17:39:54:EMAIL_DATE = 
2015-08-17:17:39:54:EMAIL_PARTICIPANTS = 2
insert into tm_enquiry values(null, "Richard Bown", "info@xyglo.com", "test", "Stedelijk Museum", "", "2", "NEW", now());
mysql -h  -D  -u 
2015-08-17:17:39:54:insert failed
2015-08-17:17:39:54:EMAIL_NAME = Richard Bown
2015-08-17:17:39:54:EMAIL_EMAIL = info@xyglo.com
2015-08-17:17:39:54:EMAIL_ENQUIRY = test
2015-08-17:17:39:54:EMAIL_TOUR = Private Family Tour
2015-08-17:17:39:54:EMAIL_DATE = today
2015-08-17:17:39:54:EMAIL_PARTICIPANTS = 2
insert into tm_enquiry values(null, "Richard Bown", "info@xyglo.com", "test", "Private Family Tour", "today", "2", "NEW", now());
mysql -h  -D  -u 
2015-08-17:17:39:54:insert failed
2015-08-17:18:38:02:EMAIL_NAME = Richard Bown
2015-08-17:18:38:02:EMAIL_EMAIL = info@xyglo.com
2015-08-17:18:38:02:EMAIL_ENQUIRY = test
2015-08-17:18:38:02:EMAIL_TOUR = Private Family Tour
2015-08-17:18:38:02:EMAIL_DATE = today
2015-08-17:18:38:02:EMAIL_PARTICIPANTS = 2
insert into tm_enquiry values(null, "Richard Bown", "info@xyglo.com", "test", "Private Family Tour", "today", "2", "NEW", now());
mysql -h localhost -D tm_booking -u tm_bookings
2015-08-17:18:38:02:success
2015-08-17:18:39:02:EMAIL_NAME = Richard Bown
2015-08-17:18:39:02:EMAIL_EMAIL = info@xyglo.com
2015-08-17:18:39:02:EMAIL_ENQUIRY = test
2015-08-17:18:39:02:EMAIL_TOUR = Private Family Tour
2015-08-17:18:39:02:EMAIL_DATE = today
2015-08-17:18:39:02:EMAIL_PARTICIPANTS = 2
insert into tm_enquiry values(null, "Richard Bown", "info@xyglo.com", "test", "Private Family Tour", "today", "2", "NEW", now());
mysql -h localhost -D tm_booking -u tm_bookings
2015-08-17:18:39:02:success
2015-08-17:20:45:03:EMAIL_NAME = Michael Ihrig
2015-08-17:20:45:03:EMAIL_EMAIL = ihrigm@gmail.com
2015-08-17:20:45:03:EMAIL_ENQUIRY = I would like to know the price for 2 people to do either a private=
2015-08-17:20:45:03:EMAIL_TOUR = Rijksmuseum and Van Gogh Museum Combined Tour
2015-08-17:20:45:03:EMAIL_DATE = 9/4/15 or 9/5/15
2015-08-17:20:45:03:EMAIL_PARTICIPANTS = 2
insert into tm_enquiry values(null, "Michael Ihrig", "ihrigm@gmail.com", "I would like to know the price for 2 people to do either a private=", "Rijksmuseum and Van Gogh Museum Combined Tour", "9/4/15 or 9/5/15", "2", "NEW", now());
mysql -h  -D  -u 
2015-08-17:20:45:03:insert failed
